<?xml version="1.0" encoding="utf-8"?><testsuites name="pytest tests"><testsuite name="pytest" errors="0" failures="0" skipped="0" tests="115" time="27.870" timestamp="2025-12-26T18:27:24.017620+00:00" hostname="505534efd759"><testcase classname="test_admin.TestInviteAgent" name="test_get_available_users_to_invite" time="0.739" /><testcase classname="test_admin.TestInviteAgent" name="test_get_available_systems_and_roles" time="0.257" /><testcase classname="test_admin.TestInviteAgent" name="test_invite_agent_success" time="0.316" /><testcase classname="test_admin.TestInviteAgent" name="test_invite_agent_missing_fields" time="0.253" /><testcase classname="test_admin.TestInviteAgent" name="test_invite_agent_user_already_assigned" time="0.317" /><testcase classname="test_admin.TestInviteAgent" name="test_invite_agent_nonexistent_user" time="0.250" /><testcase classname="test_admin.TestInviteAgent" name="test_invite_agent_without_admin_role" time="0.243" /><testcase classname="test_admin.TestInviteAgent" name="test_superuser_can_invite_to_any_system" time="0.318" /><testcase classname="test_admin.TestUserManagement" name="test_list_users_as_admin" time="0.247" /><testcase classname="test_admin.TestUserManagement" name="test_list_users_as_regular_user" time="0.198" /><testcase classname="test_admin.TestUserManagement" name="test_list_users_unauthenticated" time="0.125" /><testcase classname="test_admin.TestUserManagement" name="test_retrieve_user_as_admin" time="0.311" /><testcase classname="test_admin.TestUserManagement" name="test_retrieve_nonexistent_user" time="0.251" /><testcase classname="test_admin.TestUserManagement" name="test_create_user_as_superuser" time="0.447" /><testcase classname="test_admin.TestUserManagement" name="test_create_user_as_admin_forbidden" time="0.264" /><testcase classname="test_admin.TestUserManagement" name="test_update_user_as_superuser" time="0.254" /><testcase classname="test_admin.TestUserManagement" name="test_admin_can_update_agent_in_system" time="0.414" /><testcase classname="test_admin.TestUserManagement" name="test_admin_cannot_update_other_admin" time="0.318" /><testcase classname="test_admin.TestUserManagement" name="test_delete_user_as_superuser" time="0.262" /><testcase classname="test_admin.TestUserManagement" name="test_delete_user_as_admin_forbidden" time="0.321" /><testcase classname="test_admin.TestUserManagement" name="test_superuser_cannot_delete_other_superuser" time="0.250" /><testcase classname="test_admin.TestUserStatusManagement" name="test_approve_pending_user" time="0.261" /><testcase classname="test_admin.TestUserStatusManagement" name="test_reject_pending_user" time="0.249" /><testcase classname="test_admin.TestUserStatusManagement" name="test_deactivate_user_system_role" time="0.428" /><testcase classname="test_admin.TestSystemRoleAssignment" name="test_view_user_system_roles" time="0.348" /><testcase classname="test_admin.TestSystemRoleAssignment" name="test_activate_system_role" time="0.351" /><testcase classname="test_admin.TestAdminPermissions" name="test_admin_only_sees_users_in_their_systems" time="0.379" /><testcase classname="test_admin.TestAdminPermissions" name="test_admin_cannot_modify_users_outside_system" time="0.317" /><testcase classname="test_admin.TestUserRegistration" name="test_register_new_user" time="0.293" /><testcase classname="test_admin.TestUserRegistration" name="test_register_with_duplicate_email" time="0.311" /><testcase classname="test_admin.TestUserRegistration" name="test_register_with_duplicate_username" time="0.302" /><testcase classname="test_admin.TestUserRegistration" name="test_register_with_weak_password" time="0.121" /><testcase classname="test_admin.TestUserRegistration" name="test_registered_user_has_pending_status" time="0.236" /><testcase classname="test_admin.TestUserRegistration" name="test_register_generates_company_id" time="0.233" /><testcase classname="test_email.TestOTPGeneration" name="test_request_otp_for_2fa_user" time="0.244" /><testcase classname="test_email.TestOTPGeneration" name="test_request_otp_creates_otp_record" time="0.247" /><testcase classname="test_email.TestOTPGeneration" name="test_request_otp_with_invalid_password" time="0.235" /><testcase classname="test_email.TestOTPGeneration" name="test_request_otp_for_nonexistent_user" time="0.182" /><testcase classname="test_email.TestEnable2FA" name="test_enable_2fa_success" time="0.240" /><testcase classname="test_email.TestEnable2FA" name="test_enable_2fa_with_wrong_password" time="0.238" /><testcase classname="test_email.TestEnable2FA" name="test_enable_2fa_without_auth" time="0.119" /><testcase classname="test_email.TestDisable2FA" name="test_disable_2fa_success" time="0.245" /><testcase classname="test_email.TestDisable2FA" name="test_disable_2fa_with_wrong_otp" time="0.245" /><testcase classname="test_email.TestDisable2FA" name="test_disable_2fa_with_expired_otp" time="0.244" /><testcase classname="test_email.TestDisable2FA" name="test_disable_2fa_invalidates_existing_otps" time="0.247" /><testcase classname="test_email.TestForgotPassword" name="test_forgot_password_sends_email" time="0.204" /><testcase classname="test_email.TestForgotPassword" name="test_forgot_password_creates_token" time="0.187" /><testcase classname="test_email.TestForgotPassword" name="test_forgot_password_nonexistent_email_returns_success" time="0.125" /><testcase classname="test_email.TestForgotPassword" name="test_forgot_password_invalid_email_format" time="0.123" /><testcase classname="test_email.TestPasswordReset" name="test_reset_password_success" time="0.482" /><testcase classname="test_email.TestPasswordReset" name="test_reset_password_invalid_token" time="0.124" /><testcase classname="test_email.TestPasswordReset" name="test_reset_password_expired_token" time="0.183" /><testcase classname="test_email.TestPasswordReset" name="test_reset_password_mismatched_passwords" time="0.183" /><testcase classname="test_email.TestPasswordReset" name="test_reset_password_weak_password" time="0.271" /><testcase classname="test_email.TestPasswordReset" name="test_reset_password_token_used_once" time="0.403" /><testcase classname="test_email.TestPasswordChange" name="test_change_password_success" time="0.357" /><testcase classname="test_email.TestPasswordChange" name="test_change_password_wrong_current" time="0.258" /><testcase classname="test_email.TestPasswordChange" name="test_change_password_weak_new_password" time="0.237" /><testcase classname="test_email.TestPasswordChange" name="test_change_password_contains_username" time="0.240" /><testcase classname="test_email.TestPasswordChange" name="test_change_password_without_auth" time="0.132" /><testcase classname="test_email.TestOTPExpiration" name="test_otp_expires_after_time_limit" time="0.062" /><testcase classname="test_email.TestOTPExpiration" name="test_used_otp_cannot_be_reused" time="0.065" /><testcase classname="test_email.TestEmailServiceIntegration" name="test_otp_email_contains_correct_code" time="0.245" /><testcase classname="test_email.TestEmailServiceIntegration" name="test_password_reset_email_contains_token" time="0.186" /><testcase classname="test_login.TestLoginAPI" name="test_login_success_with_valid_credentials" time="0.268" /><testcase classname="test_login.TestLoginAPI" name="test_login_sets_cookies" time="0.259" /><testcase classname="test_login.TestLoginAPI" name="test_login_returns_user_info" time="0.250" /><testcase classname="test_login.TestLoginAPI" name="test_login_fails_with_wrong_password" time="0.241" /><testcase classname="test_login.TestLoginAPI" name="test_login_fails_with_nonexistent_email" time="0.181" /><testcase classname="test_login.TestLoginAPI" name="test_login_fails_with_empty_email" time="0.122" /><testcase classname="test_login.TestLoginAPI" name="test_login_fails_with_empty_password" time="0.183" /><testcase classname="test_login.TestLoginAPI" name="test_login_fails_with_invalid_email_format" time="0.123" /><testcase classname="test_login.TestLoginAPI" name="test_login_fails_for_inactive_user" time="0.241" /><testcase classname="test_login.TestLoginAPI" name="test_login_fails_for_locked_user" time="0.185" /><testcase classname="test_login.TestLogin2FA" name="test_login_with_2fa_requires_otp" time="0.253" /><testcase classname="test_login.TestLogin2FA" name="test_verify_otp_with_valid_code" time="0.242" /><testcase classname="test_login.TestLogin2FA" name="test_verify_otp_with_invalid_code" time="0.243" /><testcase classname="test_login.TestLogin2FA" name="test_verify_otp_with_expired_code" time="0.245" /><testcase classname="test_login.TestTokenRefresh" name="test_token_refresh_with_valid_refresh_token" time="0.188" /><testcase classname="test_login.TestTokenRefresh" name="test_token_refresh_with_invalid_token" time="0.121" /><testcase classname="test_login.TestTokenRefresh" name="test_token_refresh_with_expired_token" time="0.180" /><testcase classname="test_login.TestTokenValidation" name="test_validate_valid_token" time="0.184" /><testcase classname="test_login.TestTokenValidation" name="test_validate_invalid_token" time="0.122" /><testcase classname="test_login.TestTokenValidation" name="test_validate_without_token" time="0.122" /><testcase classname="test_login.TestLogout" name="test_logout_clears_cookies" time="0.177" /><testcase classname="test_login.TestLogout" name="test_logout_without_auth" time="0.119" /><testcase classname="test_login.TestAccountLockout" name="test_failed_login_increments_counter" time="0.243" /><testcase classname="test_login.TestAccountLockout" name="test_successful_login_resets_counter" time="0.249" /><testcase classname="test_profile.TestGetProfile" name="test_get_profile_authenticated" time="0.185" /><testcase classname="test_profile.TestGetProfile" name="test_get_profile_returns_all_fields" time="0.183" /><testcase classname="test_profile.TestGetProfile" name="test_get_profile_unauthenticated" time="0.118" /><testcase classname="test_profile.TestGetProfile" name="test_get_profile_with_invalid_token" time="0.128" /><testcase classname="test_profile.TestUpdateProfile" name="test_update_username" time="0.194" /><testcase classname="test_profile.TestUpdateProfile" name="test_update_phone_number" time="0.185" /><testcase classname="test_profile.TestUpdateProfile" name="test_update_multiple_fields" time="0.198" /><testcase classname="test_profile.TestUpdateProfile" name="test_regular_user_cannot_update_email" time="0.182" /><testcase classname="test_profile.TestUpdateProfile" name="test_regular_user_cannot_update_first_name" time="0.186" /><testcase classname="test_profile.TestUpdateProfile" name="test_admin_can_update_all_fields" time="0.187" /><testcase classname="test_profile.TestUpdateProfile" name="test_update_with_duplicate_username" time="0.240" /><testcase classname="test_profile.TestUpdateProfile" name="test_update_with_invalid_phone_number" time="0.230" /><testcase classname="test_profile.TestUpdateProfile" name="test_update_with_duplicate_phone_number" time="0.323" /><testcase classname="test_profile.TestUpdateProfile" name="test_update_with_empty_username" time="0.190" /><testcase classname="test_profile.TestProfilePictureUpload" name="test_upload_valid_profile_picture" time="0.243" /><testcase classname="test_profile.TestProfilePictureUpload" name="test_upload_oversized_profile_picture" time="0.604" /><testcase classname="test_profile.TestProfilePictureUpload" name="test_upload_invalid_file_type" time="0.182" /><testcase classname="test_profile.TestProfilePictureUpload" name="test_remove_profile_picture" time="0.201" /><testcase classname="test_profile.TestProfileByCompanyId" name="test_get_profile_by_company_id" time="0.211" /><testcase classname="test_profile.TestProfileByCompanyId" name="test_get_profile_by_invalid_company_id" time="0.181" /><testcase classname="test_profile.TestAdminProfileUpdate" name="test_admin_can_update_agent_profile" time="0.330" /><testcase classname="test_profile.TestAdminProfileUpdate" name="test_admin_cannot_update_other_admin" time="0.247" /><testcase classname="test_profile.TestAdminProfileUpdate" name="test_superuser_can_update_any_profile" time="0.258" /><testcase classname="test_profile.TestProfileEdgeCases" name="test_update_profile_with_same_values" time="0.184" /><testcase classname="test_profile.TestProfileEdgeCases" name="test_update_profile_with_empty_request" time="0.188" /><testcase classname="test_profile.TestProfileEdgeCases" name="test_update_profile_with_special_characters_in_username" time="0.186" /><testcase classname="test_profile.TestProfileEdgeCases" name="test_concurrent_profile_updates" time="0.199" /></testsuite></testsuites>